Sat Jan 07 2017 19:56:50 GMT+0530 (India Standard Time) GET /
Sat Jan 07 2017 19:56:58 GMT+0530 (India Standard Time) GET /
Sat Jan 07 2017 19:57:16 GMT+0530 (India Standard Time) GET /
Sat Jan 07 2017 19:57:29 GMT+0530 (India Standard Time) GET /about
Sat Jan 07 2017 19:57:57 GMT+0530 (India Standard Time) GET /about
Sat Jan 07 2017 19:59:07 GMT+0530 (India Standard Time) GET /about
Sat Jan 07 2017 20:09:50 GMT+0530 (India Standard Time) GET /about
Sat Jan 07 2017 20:12:02 GMT+0530 (India Standard Time) GET /about
Sat Jan 07 2017 20:12:04 GMT+0530 (India Standard Time) GET /about
Sat Jan 07 2017 20:12:15 GMT+0530 (India Standard Time) GET /bad
Sat Jan 07 2017 20:12:27 GMT+0530 (India Standard Time) GET /
Sat Jan 07 2017 20:12:37 GMT+0530 (India Standard Time) GET /
Sat Jan 07 2017 20:12:38 GMT+0530 (India Standard Time) GET /
Sat Jan 07 2017 20:12:38 GMT+0530 (India Standard Time) GET /
Sat Jan 07 2017 20:12:38 GMT+0530 (India Standard Time) GET /
Sat Jan 07 2017 20:12:39 GMT+0530 (India Standard Time) GET /
Sat Jan 07 2017 20:12:39 GMT+0530 (India Standard Time) GET /
Sat Jan 07 2017 20:12:39 GMT+0530 (India Standard Time) GET /
Sat Jan 07 2017 20:12:39 GMT+0530 (India Standard Time) GET /
Sat Jan 07 2017 20:13:00 GMT+0530 (India Standard Time) GET /
Sat Jan 07 2017 20:13:01 GMT+0530 (India Standard Time) GET /
Sat Jan 07 2017 20:13:01 GMT+0530 (India Standard Time) GET /
Sat Jan 07 2017 20:13:02 GMT+0530 (India Standard Time) GET /
Sat Jan 07 2017 20:13:02 GMT+0530 (India Standard Time) GET /
Sat Jan 07 2017 20:13:02 GMT+0530 (India Standard Time) GET /
Sat Jan 07 2017 20:13:02 GMT+0530 (India Standard Time) GET /
Sat Jan 07 2017 20:13:03 GMT+0530 (India Standard Time) GET /
Sat Jan 07 2017 20:13:16 GMT+0530 (India Standard Time) GET /
Sat Jan 07 2017 20:25:46 GMT+0530 (India Standard Time) GET /
Sat Jan 07 2017 20:25:58 GMT+0530 (India Standard Time) GET /about
Sat Jan 07 2017 20:26:02 GMT+0530 (India Standard Time) GET /bad
Sat Jan 07 2017 20:26:05 GMT+0530 (India Standard Time) GET /
Sat Jan 07 2017 21:10:30 GMT+0530 (India Standard Time) GET /rer
Sat Jan 07 2017 21:10:40 GMT+0530 (India Standard Time) GET /
Sat Jan 07 2017 21:11:14 GMT+0530 (India Standard Time) GET /
Sat Jan 07 2017 21:11:18 GMT+0530 (India Standard Time) GET /ew
Sat Jan 07 2017 21:14:51 GMT+0530 (India Standard Time) GET /ew
Sat Jan 07 2017 21:29:31 GMT+0530 (India Standard Time) GET /
Sat Jan 07 2017 21:29:37 GMT+0530 (India Standard Time) GET /
Sat Jan 07 2017 21:29:52 GMT+0530 (India Standard Time) GET /about
Sat Jan 07 2017 21:42:39 GMT+0530 (India Standard Time) GET /
Sat Jan 07 2017 21:42:39 GMT+0530 (India Standard Time) GET /css/materialize.min.css
Sat Jan 07 2017 21:42:40 GMT+0530 (India Standard Time) GET /favicon.ico
Sat Jan 07 2017 21:43:29 GMT+0530 (India Standard Time) GET /
Sat Jan 07 2017 21:43:29 GMT+0530 (India Standard Time) GET /css/materialize.min.css
Sat Jan 07 2017 21:43:29 GMT+0530 (India Standard Time) GET /favicon.ico
Sat Jan 07 2017 21:43:31 GMT+0530 (India Standard Time) GET /
Sat Jan 07 2017 21:43:31 GMT+0530 (India Standard Time) GET /css/materialize.min.css
Sat Jan 07 2017 21:43:32 GMT+0530 (India Standard Time) GET /favicon.ico
Sat Jan 07 2017 21:43:33 GMT+0530 (India Standard Time) GET /
Sat Jan 07 2017 21:43:33 GMT+0530 (India Standard Time) GET /css/materialize.min.css
Sat Jan 07 2017 21:43:33 GMT+0530 (India Standard Time) GET /favicon.ico
Sat Jan 07 2017 21:43:37 GMT+0530 (India Standard Time) GET /css/materialize.min.css
Sat Jan 07 2017 21:43:59 GMT+0530 (India Standard Time) GET /
Sat Jan 07 2017 21:43:59 GMT+0530 (India Standard Time) GET /css/materialize.min.css
Sat Jan 07 2017 21:43:59 GMT+0530 (India Standard Time) GET /favicon.ico
Sat Jan 07 2017 21:44:05 GMT+0530 (India Standard Time) GET /
Sat Jan 07 2017 21:44:05 GMT+0530 (India Standard Time) GET /css/materialize.min.css
Sat Jan 07 2017 21:44:06 GMT+0530 (India Standard Time) GET /favicon.ico
Sat Jan 07 2017 21:44:23 GMT+0530 (India Standard Time) GET /
Sat Jan 07 2017 21:44:23 GMT+0530 (India Standard Time) GET /css/materialize.min.css
Sat Jan 07 2017 21:44:24 GMT+0530 (India Standard Time) GET /favicon.ico
Sat Jan 07 2017 21:46:16 GMT+0530 (India Standard Time) GET /
Sat Jan 07 2017 21:46:16 GMT+0530 (India Standard Time) GET /css/materialize.min.css
Sat Jan 07 2017 21:46:16 GMT+0530 (India Standard Time) GET /favicon.ico
Sat Jan 07 2017 21:46:23 GMT+0530 (India Standard Time) GET /
Sat Jan 07 2017 21:46:23 GMT+0530 (India Standard Time) GET /css/materialize.min.css
Sat Jan 07 2017 21:46:23 GMT+0530 (India Standard Time) GET /favicon.ico
Sat Jan 07 2017 21:46:27 GMT+0530 (India Standard Time) GET /css/materialize.min.css
Sat Jan 07 2017 21:48:33 GMT+0530 (India Standard Time) GET /
Sat Jan 07 2017 21:48:33 GMT+0530 (India Standard Time) GET /css/materialize.min.css
Sat Jan 07 2017 21:48:34 GMT+0530 (India Standard Time) GET /favicon.ico
Sat Jan 07 2017 21:48:35 GMT+0530 (India Standard Time) GET /
Sat Jan 07 2017 21:48:35 GMT+0530 (India Standard Time) GET /css/materialize.min.css
Sat Jan 07 2017 21:48:36 GMT+0530 (India Standard Time) GET /favicon.ico
Sat Jan 07 2017 21:48:38 GMT+0530 (India Standard Time) GET /
Sat Jan 07 2017 21:48:38 GMT+0530 (India Standard Time) GET /css/materialize.min.css
Sat Jan 07 2017 21:48:38 GMT+0530 (India Standard Time) GET /favicon.ico
Sat Jan 07 2017 21:48:54 GMT+0530 (India Standard Time) GET /
Sat Jan 07 2017 21:48:54 GMT+0530 (India Standard Time) GET /css/materialize.min.css
Sat Jan 07 2017 21:48:55 GMT+0530 (India Standard Time) GET /favicon.ico
Sat Jan 07 2017 21:49:20 GMT+0530 (India Standard Time) GET /
Sat Jan 07 2017 21:49:22 GMT+0530 (India Standard Time) GET /favicon.ico
Sat Jan 07 2017 21:50:44 GMT+0530 (India Standard Time) GET /
Sat Jan 07 2017 21:50:45 GMT+0530 (India Standard Time) GET /favicon.ico
Sat Jan 07 2017 21:51:14 GMT+0530 (India Standard Time) GET /about
Sat Jan 07 2017 21:51:15 GMT+0530 (India Standard Time) GET /favicon.ico
Sat Jan 07 2017 21:51:51 GMT+0530 (India Standard Time) GET /about
Sat Jan 07 2017 21:51:52 GMT+0530 (India Standard Time) GET /favicon.ico
Sat Jan 07 2017 21:52:54 GMT+0530 (India Standard Time) GET /about
Sat Jan 07 2017 21:52:54 GMT+0530 (India Standard Time) GET /favicon.ico
Sat Jan 07 2017 21:52:56 GMT+0530 (India Standard Time) GET /about
Sat Jan 07 2017 21:52:56 GMT+0530 (India Standard Time) GET /favicon.ico
Sat Jan 07 2017 21:53:04 GMT+0530 (India Standard Time) GET /about
Sat Jan 07 2017 21:53:04 GMT+0530 (India Standard Time) GET /favicon.ico
Sat Jan 07 2017 21:53:16 GMT+0530 (India Standard Time) GET /about
Sat Jan 07 2017 21:53:17 GMT+0530 (India Standard Time) GET /favicon.ico
Sat Jan 07 2017 21:54:06 GMT+0530 (India Standard Time) GET /about
Sat Jan 07 2017 21:54:06 GMT+0530 (India Standard Time) GET /favicon.ico
Sat Jan 07 2017 21:54:14 GMT+0530 (India Standard Time) GET /about
Sat Jan 07 2017 21:54:14 GMT+0530 (India Standard Time) GET /favicon.ico
Sat Jan 07 2017 21:54:20 GMT+0530 (India Standard Time) GET /about
Sat Jan 07 2017 21:54:21 GMT+0530 (India Standard Time) GET /favicon.ico
Sat Jan 07 2017 21:54:21 GMT+0530 (India Standard Time) GET /about
Sat Jan 07 2017 21:54:21 GMT+0530 (India Standard Time) GET /favicon.ico
Sat Jan 07 2017 21:54:22 GMT+0530 (India Standard Time) GET /about
Sat Jan 07 2017 21:54:22 GMT+0530 (India Standard Time) GET /favicon.ico
Sat Jan 07 2017 21:54:22 GMT+0530 (India Standard Time) GET /about
Sat Jan 07 2017 21:54:22 GMT+0530 (India Standard Time) GET /favicon.ico
Sat Jan 07 2017 21:54:22 GMT+0530 (India Standard Time) GET /about
Sat Jan 07 2017 21:54:22 GMT+0530 (India Standard Time) GET /favicon.ico
Sat Jan 07 2017 21:54:44 GMT+0530 (India Standard Time) GET /about
Sat Jan 07 2017 21:54:44 GMT+0530 (India Standard Time) GET /favicon.ico
Sat Jan 07 2017 21:54:46 GMT+0530 (India Standard Time) GET /about
Sat Jan 07 2017 21:54:46 GMT+0530 (India Standard Time) GET /favicon.ico
Sat Jan 07 2017 21:54:46 GMT+0530 (India Standard Time) GET /about
Sat Jan 07 2017 21:54:47 GMT+0530 (India Standard Time) GET /favicon.ico
Sat Jan 07 2017 21:54:47 GMT+0530 (India Standard Time) GET /about
Sat Jan 07 2017 21:54:47 GMT+0530 (India Standard Time) GET /favicon.ico
Sat Jan 07 2017 21:54:47 GMT+0530 (India Standard Time) GET /about
Sat Jan 07 2017 21:54:47 GMT+0530 (India Standard Time) GET /favicon.ico
Sat Jan 07 2017 21:55:20 GMT+0530 (India Standard Time) GET /about
Sat Jan 07 2017 21:55:21 GMT+0530 (India Standard Time) GET /favicon.ico
Sat Jan 07 2017 21:55:28 GMT+0530 (India Standard Time) GET /
Sat Jan 07 2017 21:55:29 GMT+0530 (India Standard Time) GET /favicon.ico
Sat Jan 07 2017 21:55:32 GMT+0530 (India Standard Time) GET /about
Sat Jan 07 2017 21:55:32 GMT+0530 (India Standard Time) GET /favicon.ico
Sat Jan 07 2017 21:55:34 GMT+0530 (India Standard Time) GET /bad
Sat Jan 07 2017 21:55:34 GMT+0530 (India Standard Time) GET /favicon.ico
Sat Jan 07 2017 21:55:37 GMT+0530 (India Standard Time) GET /favicon.ico
Sat Jan 07 2017 21:55:40 GMT+0530 (India Standard Time) GET /
Sat Jan 07 2017 21:55:40 GMT+0530 (India Standard Time) GET /favicon.ico
Sat Jan 07 2017 21:56:43 GMT+0530 (India Standard Time) GET /
Sat Jan 07 2017 21:56:46 GMT+0530 (India Standard Time) GET /favicon.ico
Sat Jan 07 2017 21:57:30 GMT+0530 (India Standard Time) GET /
Sat Jan 07 2017 21:57:30 GMT+0530 (India Standard Time) GET /favicon.ico
Sat Jan 07 2017 21:57:36 GMT+0530 (India Standard Time) GET /about
Sat Jan 07 2017 21:57:36 GMT+0530 (India Standard Time) GET /favicon.ico
Sat Jan 07 2017 21:59:15 GMT+0530 (India Standard Time) GET /
Sat Jan 07 2017 21:59:16 GMT+0530 (India Standard Time) GET /favicon.ico
Sat Jan 07 2017 22:05:03 GMT+0530 (India Standard Time) GET /
Sat Jan 07 2017 22:05:03 GMT+0530 (India Standard Time) GET /favicon.ico
Sat Jan 07 2017 22:05:10 GMT+0530 (India Standard Time) GET /
Sat Jan 07 2017 22:05:10 GMT+0530 (India Standard Time) GET /favicon.ico
Sat Jan 07 2017 22:05:11 GMT+0530 (India Standard Time) GET /about
Sat Jan 07 2017 22:05:12 GMT+0530 (India Standard Time) GET /favicon.ico
Sat Jan 07 2017 22:05:16 GMT+0530 (India Standard Time) GET /aboutwq
Sat Jan 07 2017 22:05:16 GMT+0530 (India Standard Time) GET /favicon.ico
Sat Jan 07 2017 22:05:23 GMT+0530 (India Standard Time) GET /
Sat Jan 07 2017 22:05:23 GMT+0530 (India Standard Time) GET /favicon.ico
Sat Jan 07 2017 22:07:38 GMT+0530 (India Standard Time) GET /
Sat Jan 07 2017 22:07:39 GMT+0530 (India Standard Time) GET /favicon.ico
Sat Jan 07 2017 22:07:45 GMT+0530 (India Standard Time) GET /
Sat Jan 07 2017 22:07:45 GMT+0530 (India Standard Time) GET /favicon.ico
Sat Jan 07 2017 22:07:47 GMT+0530 (India Standard Time) GET /about
Sat Jan 07 2017 22:07:47 GMT+0530 (India Standard Time) GET /favicon.ico
Sat Jan 07 2017 22:07:48 GMT+0530 (India Standard Time) GET /bad
Sat Jan 07 2017 22:07:48 GMT+0530 (India Standard Time) GET /favicon.ico
Sat Jan 07 2017 22:07:49 GMT+0530 (India Standard Time) GET /
Sat Jan 07 2017 22:07:50 GMT+0530 (India Standard Time) GET /favicon.ico
Sat Jan 07 2017 22:07:51 GMT+0530 (India Standard Time) GET /about
Sat Jan 07 2017 22:07:51 GMT+0530 (India Standard Time) GET /favicon.ico
Sat Jan 07 2017 22:07:52 GMT+0530 (India Standard Time) GET /bad
Sat Jan 07 2017 22:07:52 GMT+0530 (India Standard Time) GET /favicon.ico
Sat Jan 07 2017 22:07:53 GMT+0530 (India Standard Time) GET /
Sat Jan 07 2017 22:07:53 GMT+0530 (India Standard Time) GET /favicon.ico
