0 info it worked if it ends with ok
1 verbose cli [ 'C:\\Program Files\\nodejs\\node.exe',
1 verbose cli   'C:\\Program Files\\nodejs\\node_modules\\npm\\bin\\npm-cli.js',
1 verbose cli   'run',
1 verbose cli   'test-watch' ]
2 info using npm@3.10.10
3 info using node@v7.3.0
4 verbose run-script [ 'pretest-watch', 'test-watch', 'posttest-watch' ]
5 info lifecycle mongo-rest-api@0.1.0~pretest-watch: mongo-rest-api@0.1.0
6 silly lifecycle mongo-rest-api@0.1.0~pretest-watch: no script for pretest-watch, continuing
7 info lifecycle mongo-rest-api@0.1.0~test-watch: mongo-rest-api@0.1.0
8 verbose lifecycle mongo-rest-api@0.1.0~test-watch: unsafe-perm in lifecycle true
9 verbose lifecycle mongo-rest-api@0.1.0~test-watch: PATH: C:\Program Files\nodejs\node_modules\npm\bin\node-gyp-bin;D:\__MyProjects\LearningNode\mongo-rest-api\node_modules\.bin;C:\OpenCV\build\x64\vc14\bin;C:\Users\Frost\.dnx\bin;C:\Program Files\Microsoft DNX\Dnvm\;C:\Program Files (x86)\Windows Kits\8.1\Windows Performance Toolkit\;C:\Program Files\Microsoft SQL Server\130\Tools\Binn\;C:\Program Files\nodejs\;C:\TDM-GCC-32\bin;C:\Program Files (x86)\CodeBlocks\MinGW\bin;C:\Program Files\Java\jdk1.8.0_111\bin;C:\Users\Frost\AppData\Roaming\npm;;C:\Program Files (x86)\Microsoft VS Code\bin;C:\Windows\System32\;C:\Program Files\MongoDB\Server\3.4\bin;
10 verbose lifecycle mongo-rest-api@0.1.0~test-watch: CWD: D:\__MyProjects\LearningNode\mongo-rest-api
11 silly lifecycle mongo-rest-api@0.1.0~test-watch: Args: [ '/d /s /c', ' nodemon --exec "npm test" ' ]
12 silly lifecycle mongo-rest-api@0.1.0~test-watch: Returned: code: 3221225786  signal: null
13 info lifecycle mongo-rest-api@0.1.0~test-watch: Failed to exec test-watch script
14 verbose stack Error: mongo-rest-api@0.1.0 test-watch: ` nodemon --exec "npm test" `
14 verbose stack Exit status 3221225786
14 verbose stack     at EventEmitter.<anonymous> (C:\Program Files\nodejs\node_modules\npm\lib\utils\lifecycle.js:255:16)
14 verbose stack     at emitTwo (events.js:106:13)
14 verbose stack     at EventEmitter.emit (events.js:191:7)
14 verbose stack     at ChildProcess.<anonymous> (C:\Program Files\nodejs\node_modules\npm\lib\utils\spawn.js:40:14)
14 verbose stack     at emitTwo (events.js:106:13)
14 verbose stack     at ChildProcess.emit (events.js:191:7)
14 verbose stack     at maybeClose (internal/child_process.js:885:16)
14 verbose stack     at Process.ChildProcess._handle.onexit (internal/child_process.js:226:5)
15 verbose pkgid mongo-rest-api@0.1.0
16 verbose cwd D:\__MyProjects\LearningNode\mongo-rest-api
17 error Windows_NT 6.3.9600
18 error argv "C:\\Program Files\\nodejs\\node.exe" "C:\\Program Files\\nodejs\\node_modules\\npm\\bin\\npm-cli.js" "run" "test-watch"
19 error node v7.3.0
20 error npm  v3.10.10
21 error code ELIFECYCLE
22 error mongo-rest-api@0.1.0 test-watch: ` nodemon --exec "npm test" `
22 error Exit status 3221225786
23 error Failed at the mongo-rest-api@0.1.0 test-watch script ' nodemon --exec "npm test" '.
23 error Make sure you have the latest version of node.js and npm installed.
23 error If you do, this is most likely a problem with the mongo-rest-api package,
23 error not with npm itself.
23 error Tell the author that this fails on your system:
23 error      nodemon --exec "npm test"
23 error You can get information on how to open an issue for this project with:
23 error     npm bugs mongo-rest-api
23 error Or if that isn't available, you can get their info via:
23 error     npm owner ls mongo-rest-api
23 error There is likely additional logging output above.
24 verbose exit [ 1, true ]
